# JRE version: OpenJDK Runtime Environment (11.0.6+10) (build 11.0.6+10-post-Ubuntu-1ubuntu118.04.1)
# Java VM: OpenJDK 64-Bit Server VM (11.0.6+10-post-Ubuntu-1ubuntu118.04.1, mixed mode, sharing, tiered, compressed oops, g1 gc, linux-amd64)
Heap:
 garbage-first heap   total 784384K, used 31434K [0x0000000707600000, 0x0000000800000000)
  region size 1024K, 8 young (8192K), 8 survivors (8192K)
 Metaspace       used 47488K, capacity 48736K, committed 48944K, reserved 1091584K
  class space    used 6007K, capacity 6491K, committed 6528K, reserved 1048576K
GC Heap History (20 events):
Event: 30.306 GC heap after
{Heap after GC invocations=12 (full 0):
 garbage-first heap   total 466944K, used 24699K [0x0000000707600000, 0x0000000800000000)
  region size 1024K, 22 young (22528K), 22 survivors (22528K)
 Metaspace       used 40163K, capacity 41120K, committed 41392K, reserved 1085440K
  class space    used 4953K, capacity 5364K, committed 5376K, reserved 1048576K
}
Event: 30.361 GC heap before
{Heap before GC invocations=12 (full 0):
 garbage-first heap   total 466944K, used 25723K [0x0000000707600000, 0x0000000800000000)
  region size 1024K, 23 young (23552K), 22 survivors (22528K)
 Metaspace       used 40178K, capacity 41187K, committed 41392K, reserved 1085440K
  class space    used 4956K, capacity 5365K, committed 5376K, reserved 1048576K
}
Event: 30.813 GC heap after
{Heap after GC invocations=13 (full 0):
 garbage-first heap   total 466944K, used 25315K [0x0000000707600000, 0x0000000800000000)
  region size 1024K, 2 young (2048K), 2 survivors (2048K)
 Metaspace       used 40178K, capacity 41187K, committed 41392K, reserved 1085440K
  class space    used 4956K, capacity 5365K, committed 5376K, reserved 1048576K
}
Event: 31.721 GC heap before
{Heap before GC invocations=13 (full 0):
 garbage-first heap   total 466944K, used 45795K [0x0000000707600000, 0x0000000800000000)
  region size 1024K, 22 young (22528K), 2 survivors (2048K)
 Metaspace       used 40989K, capacity 42002K, committed 42160K, reserved 1085440K
  class space    used 5106K, capacity 5520K, committed 5632K, reserved 1048576K
}
Event: 31.724 GC heap after
{Heap after GC invocations=14 (full 0):
 garbage-first heap   total 466944K, used 23992K [0x0000000707600000, 0x0000000800000000)
  region size 1024K, 1 young (1024K), 1 survivors (1024K)
 Metaspace       used 40989K, capacity 42002K, committed 42160K, reserved 1085440K
  class space    used 5106K, capacity 5520K, committed 5632K, reserved 1048576K
}
Event: 34.867 GC heap before
{Heap before GC invocations=14 (full 0):
 garbage-first heap   total 466944K, used 45496K [0x0000000707600000, 0x0000000800000000)
  region size 1024K, 22 young (22528K), 1 survivors (1024K)
 Metaspace       used 41355K, capacity 42461K, committed 42672K, reserved 1087488K
  class space    used 5164K, capacity 5630K, committed 5632K, reserved 1048576K
}
Event: 34.871 GC heap after
{Heap after GC invocations=15 (full 0):
 garbage-first heap   total 466944K, used 24147K [0x0000000707600000, 0x0000000800000000)
  region size 1024K, 1 young (1024K), 1 survivors (1024K)
 Metaspace       used 41355K, capacity 42461K, committed 42672K, reserved 1087488K
  class space    used 5164K, capacity 5630K, committed 5632K, reserved 1048576K
}
Event: 35.640 GC heap before
{Heap before GC invocations=15 (full 0):
 garbage-first heap   total 466944K, used 45651K [0x0000000707600000, 0x0000000800000000)
  region size 1024K, 22 young (22528K), 1 survivors (1024K)
 Metaspace       used 41701K, capacity 42855K, committed 43056K, reserved 1087488K
  class space    used 5208K, capacity 5676K, committed 5760K, reserved 1048576K
}
Event: 35.643 GC heap after
{Heap after GC invocations=16 (full 0):
 garbage-first heap   total 466944K, used 24387K [0x0000000707600000, 0x0000000800000000)
  region size 1024K, 2 young (2048K), 2 survivors (2048K)
 Metaspace       used 41701K, capacity 42855K, committed 43056K, reserved 1087488K
  class space    used 5208K, capacity 5676K, committed 5760K, reserved 1048576K
}
Event: 36.030 GC heap before
{Heap before GC invocations=16 (full 0):
 garbage-first heap   total 466944K, used 45891K [0x0000000707600000, 0x0000000800000000)
  region size 1024K, 23 young (23552K), 2 survivors (2048K)
 Metaspace       used 41839K, capacity 42922K, committed 43056K, reserved 1087488K
  class space    used 5222K, capacity 5677K, committed 5760K, reserved 1048576K
}
Event: 36.033 GC heap after
{Heap after GC invocations=17 (full 0):
 garbage-first heap   total 466944K, used 24686K [0x0000000707600000, 0x0000000800000000)
  region size 1024K, 2 young (2048K), 2 survivors (2048K)
 Metaspace       used 41839K, capacity 42922K, committed 43056K, reserved 1087488K
  class space    used 5222K, capacity 5677K, committed 5760K, reserved 1048576K
}
Event: 36.039 GC heap before
{Heap before GC invocations=17 (full 0):
 garbage-first heap   total 466944K, used 26734K [0x0000000707600000, 0x0000000800000000)
  region size 1024K, 5 young (5120K), 2 survivors (2048K)
 Metaspace       used 41847K, capacity 42922K, committed 43056K, reserved 1087488K
  class space    used 5224K, capacity 5677K, committed 5760K, reserved 1048576K
}
Event: 36.044 GC heap after
{Heap after GC invocations=18 (full 0):
 garbage-first heap   total 466944K, used 24709K [0x0000000707600000, 0x0000000800000000)
  region size 1024K, 2 young (2048K), 2 survivors (2048K)
 Metaspace       used 41847K, capacity 42922K, committed 43056K, reserved 1087488K
  class space    used 5224K, capacity 5677K, committed 5760K, reserved 1048576K
}
Event: 38.058 GC heap before
{Heap before GC invocations=19 (full 0):
 garbage-first heap   total 466944K, used 72837K [0x0000000707600000, 0x0000000800000000)
  region size 1024K, 49 young (50176K), 2 survivors (2048K)
 Metaspace       used 42499K, capacity 43610K, committed 43824K, reserved 1087488K
  class space    used 5306K, capacity 5755K, committed 5760K, reserved 1048576K
}
Event: 38.068 GC heap after
{Heap after GC invocations=20 (full 0):
 garbage-first heap   total 466944K, used 25781K [0x0000000707600000, 0x0000000800000000)
  region size 1024K, 3 young (3072K), 3 survivors (3072K)
 Metaspace       used 42499K, capacity 43610K, committed 43824K, reserved 1087488K
  class space    used 5306K, capacity 5755K, committed 5760K, reserved 1048576K
}
Event: 39.248 GC heap before
{Heap before GC invocations=20 (full 0):
 garbage-first heap   total 466944K, used 119989K [0x0000000707600000, 0x0000000800000000)
  region size 1024K, 95 young (97280K), 3 survivors (3072K)
 Metaspace       used 43087K, capacity 44236K, committed 44464K, reserved 1087488K
  class space    used 5373K, capacity 5830K, committed 5888K, reserved 1048576K
}
Event: 39.256 GC heap after
{Heap after GC invocations=21 (full 0):
 garbage-first heap   total 466944K, used 27030K [0x0000000707600000, 0x0000000800000000)
  region size 1024K, 4 young (4096K), 4 survivors (4096K)
 Metaspace       used 43087K, capacity 44236K, committed 44464K, reserved 1087488K
  class space    used 5373K, capacity 5830K, committed 5888K, reserved 1048576K
}
Event: 41.363 GC heap before
{Heap before GC invocations=21 (full 0):
 garbage-first heap   total 466944K, used 167318K [0x0000000707600000, 0x0000000800000000)
  region size 1024K, 141 young (144384K), 4 survivors (4096K)
 Metaspace       used 44536K, capacity 45723K, committed 46000K, reserved 1089536K
  class space    used 5569K, capacity 6067K, committed 6144K, reserved 1048576K
}
Event: 41.376 GC heap after
{Heap after GC invocations=22 (full 0):
 garbage-first heap   total 466944K, used 29316K [0x0000000707600000, 0x0000000800000000)
  region size 1024K, 6 young (6144K), 6 survivors (6144K)
 Metaspace       used 44536K, capacity 45723K, committed 46000K, reserved 1089536K
  class space    used 5569K, capacity 6067K, committed 6144K, reserved 1048576K
}
Event: 43.303 GC heap before
{Heap before GC invocations=22 (full 0):
 garbage-first heap   total 466944K, used 203396K [0x0000000707600000, 0x0000000800000000)
  region size 1024K, 176 young (180224K), 6 survivors (6144K)
 Metaspace       used 47488K, capacity 48736K, committed 48944K, reserved 1091584K
  class space    used 6007K, capacity 6491K, committed 6528K, reserved 1048576K
}

